<?xml version="1.0" encoding="UTF-8"?>
<!-- Generated by org.testng.reporters.JUnitXMLReporter -->
<testsuite ignored="2" hostname="LAPTOP-32FI2QOP" failures="3" tests="15" name="Test" time="134.961" errors="0" timestamp="2024-09-20T15:28:35 IST">
  <testcase classname="com.swaglabs.testscripts.LoginPageTest" name="verifyLoginBtnFunctionalityWithBlankUsernameAndBlankPassword" time="1.303"/>
  <testcase classname="com.swaglabs.testscripts.LoginPageTest" name="verifyLoginBtnFunctionalityWithLockedUser" time="3.324">
    <failure type="java.lang.AssertionError" message="expected [Epic sadface: Sorry, this user has been locked out] but found [Epic sadface: Sorry, this user has been locked out.]">
      <![CDATA[java.lang.AssertionError: expected [Epic sadface: Sorry, this user has been locked out] but found [Epic sadface: Sorry, this user has been locked out.]
at com.swaglabs.testscripts.LoginPageTest.verifyLoginBtnFunctionalityWithLockedUser(LoginPageTest.java:89)
at java.base/java.util.ArrayList.forEach(ArrayList.java:1511)
... Removed 32 stack frames]]>
    </failure>
  </testcase> <!-- verifyLoginBtnFunctionalityWithLockedUser -->
  <testcase classname="com.swaglabs.testscripts.LoginPageTest" name="verifyLoginBtnFunctionalityWithValidUser" time="2.977"/>
  <testcase classname="com.swaglabs.testscripts.LoginPageTest" name="verifyLoginBtnFunctionalityWithValidUser" time="1.27"/>
  <testcase classname="com.swaglabs.testscripts.LoginPageTest" name="verifyLoginBtnFunctionalityWithValidUser" time="1.201">
    <failure type="java.lang.AssertionError" message="Product label is not visible expected [true] but found [false]">
      <![CDATA[java.lang.AssertionError: Product label is not visible expected [true] but found [false]
at com.swaglabs.testscripts.LoginPageTest.verifyLoginBtnFunctionalityWithValidUser(LoginPageTest.java:120)
at java.base/java.util.ArrayList.forEach(ArrayList.java:1511)
... Removed 29 stack frames]]>
    </failure>
  </testcase> <!-- verifyLoginBtnFunctionalityWithValidUser -->
  <testcase classname="com.swaglabs.testscripts.LoginPageTest" name="verifyLoginBtnFunctionalityWithValidUser" time="1.446"/>
  <testcase classname="com.swaglabs.testscripts.LoginPageTest" name="verifyLoginBtnFunctionalityWithValidUser" time="1.419"/>
  <testcase classname="com.swaglabs.testscripts.LoginPageTest" name="verifyLoginBtnFunctionalityWithValidUser" time="1.67"/>
  <testcase classname="com.swaglabs.testscripts.LoginPageTest" name="verifyLoginBtnFunctionalityWithValidUser" time="2.58"/>
  <testcase classname="com.swaglabs.testscripts.LoginPageTest" name="verifyLoginBtnFunctionalityWithValidUser" time="2.476"/>
  <testcase classname="com.swaglabs.testscripts.LoginPageTest" name="verifyLoginBtnFunctionalityWithValidUser" time="1.678"/>
  <testcase classname="com.swaglabs.testscripts.LoginPageTest" name="verifyLoginBtnFunctionalityWithValidUser" time="1.141"/>
  <testcase classname="com.swaglabs.testscripts.LoginPageTest" name="verifyLoginBtnFunctionalityWithValidUser" time="2.207">
    <failure type="java.lang.AssertionError" message="Product label is not visible expected [true] but found [false]">
      <![CDATA[java.lang.AssertionError: Product label is not visible expected [true] but found [false]
at com.swaglabs.testscripts.LoginPageTest.verifyLoginBtnFunctionalityWithValidUser(LoginPageTest.java:120)
at java.base/java.util.ArrayList.forEach(ArrayList.java:1511)
... Removed 29 stack frames]]>
    </failure>
  </testcase> <!-- verifyLoginBtnFunctionalityWithValidUser -->
  <testcase classname="com.swaglabs.testscripts.EndToEndScenario" name="verifyLoginBtnFunctionalityWithValidUser" time="2.504"/>
  <testcase classname="com.swaglabs.testscripts.EndToEndScenario" name="verifyE2EOrderItemFlow" time="4.24"/>
  <testcase classname="com.swaglabs.testscripts.LoginPageTest" name="verifyLoginBtnFunctionalityInvalidUsernameAndInvalidPassword" time="0.0">
    <ignored/>
  </testcase> <!-- verifyLoginBtnFunctionalityInvalidUsernameAndInvalidPassword -->
  <testcase classname="com.swaglabs.testscripts.LoginPageTest" name="verifyLoginBtnFunctionalityWithBlankPassword" time="0.0">
    <ignored/>
  </testcase> <!-- verifyLoginBtnFunctionalityWithBlankPassword -->
</testsuite> <!-- Test -->
